CRITICAL - 2022-04-12 04:55:09 --> require(line-item/lineitem): Failed to open stream: No such file or directory
#0 /Applications/MAMP/htdocs/machine-test/project-root/app/Views/core/mainpanal.php(47): CodeIgniter\Debug\Exceptions->errorHandler(2, 'require(line-it...', '/Applications/M...', 47)
#1 /Applications/MAMP/htdocs/machine-test/project-root/app/Views/core/mainpanal.php(47): require()
#2 /Applications/MAMP/htdocs/machine-test/project-root/app/Views/welcome_message.php(10): require('/Applications/M...')
#3 /Applications/MAMP/htdocs/machine-test/project-root/vendor/codeigniter4/framework/system/View/View.php(210): include('/Applications/M...')
#4 /Applications/MAMP/htdocs/machine-test/project-root/vendor/codeigniter4/framework/system/View/View.php(213): CodeIgniter\View\View->CodeIgniter\View\{closure}()
#5 /Applications/MAMP/htdocs/machine-test/project-root/vendor/codeigniter4/framework/system/Common.php(1089): CodeIgniter\View\View->render('welcome_message', Array, true)
#6 /Applications/MAMP/htdocs/machine-test/project-root/app/Controllers/Home.php(9): view('welcome_message')
#7 /Applications/MAMP/htdocs/machine-test/project-root/vendor/codeigniter4/framework/system/CodeIgniter.php(832): App\Controllers\Home->index()
#8 /Applications/MAMP/htdocs/machine-test/project-root/vendor/codeigniter4/framework/system/CodeIgniter.php(419): CodeIgniter\CodeIgniter->runController(Object(App\Controllers\Home))
#9 /Applications/MAMP/htdocs/machine-test/project-root/vendor/codeigniter4/framework/system/CodeIgniter.php(326): CodeIgniter\CodeIgniter->handleRequest(NULL, Object(Config\Cache), false)
#10 /Applications/MAMP/htdocs/machine-test/project-root/public/index.php(37): CodeIgniter\CodeIgniter->run()
#11 /Applications/MAMP/htdocs/machine-test/project-root/vendor/codeigniter4/framework/system/Commands/Server/rewrite.php(43): require_once('/Applications/M...')
#12 {main}
CRITICAL - 2022-04-12 04:56:02 --> require(../line-item/lineItem.php): Failed to open stream: No such file or directory
#0 /Applications/MAMP/htdocs/machine-test/project-root/app/Views/core/mainpanal.php(47): CodeIgniter\Debug\Exceptions->errorHandler(2, 'require(../line...', '/Applications/M...', 47)
#1 /Applications/MAMP/htdocs/machine-test/project-root/app/Views/core/mainpanal.php(47): require()
#2 /Applications/MAMP/htdocs/machine-test/project-root/app/Views/welcome_message.php(10): require('/Applications/M...')
#3 /Applications/MAMP/htdocs/machine-test/project-root/vendor/codeigniter4/framework/system/View/View.php(210): include('/Applications/M...')
#4 /Applications/MAMP/htdocs/machine-test/project-root/vendor/codeigniter4/framework/system/View/View.php(213): CodeIgniter\View\View->CodeIgniter\View\{closure}()
#5 /Applications/MAMP/htdocs/machine-test/project-root/vendor/codeigniter4/framework/system/Common.php(1089): CodeIgniter\View\View->render('welcome_message', Array, true)
#6 /Applications/MAMP/htdocs/machine-test/project-root/app/Controllers/Home.php(9): view('welcome_message')
#7 /Applications/MAMP/htdocs/machine-test/project-root/vendor/codeigniter4/framework/system/CodeIgniter.php(832): App\Controllers\Home->index()
#8 /Applications/MAMP/htdocs/machine-test/project-root/vendor/codeigniter4/framework/system/CodeIgniter.php(419): CodeIgniter\CodeIgniter->runController(Object(App\Controllers\Home))
#9 /Applications/MAMP/htdocs/machine-test/project-root/vendor/codeigniter4/framework/system/CodeIgniter.php(326): CodeIgniter\CodeIgniter->handleRequest(NULL, Object(Config\Cache), false)
#10 /Applications/MAMP/htdocs/machine-test/project-root/public/index.php(37): CodeIgniter\CodeIgniter->run()
#11 /Applications/MAMP/htdocs/machine-test/project-root/vendor/codeigniter4/framework/system/Commands/Server/rewrite.php(43): require_once('/Applications/M...')
#12 {main}
CRITICAL - 2022-04-12 04:56:03 --> require(../line-item/lineItem.php): Failed to open stream: No such file or directory
#0 /Applications/MAMP/htdocs/machine-test/project-root/app/Views/core/mainpanal.php(47): CodeIgniter\Debug\Exceptions->errorHandler(2, 'require(../line...', '/Applications/M...', 47)
#1 /Applications/MAMP/htdocs/machine-test/project-root/app/Views/core/mainpanal.php(47): require()
#2 /Applications/MAMP/htdocs/machine-test/project-root/app/Views/welcome_message.php(10): require('/Applications/M...')
#3 /Applications/MAMP/htdocs/machine-test/project-root/vendor/codeigniter4/framework/system/View/View.php(210): include('/Applications/M...')
#4 /Applications/MAMP/htdocs/machine-test/project-root/vendor/codeigniter4/framework/system/View/View.php(213): CodeIgniter\View\View->CodeIgniter\View\{closure}()
#5 /Applications/MAMP/htdocs/machine-test/project-root/vendor/codeigniter4/framework/system/Common.php(1089): CodeIgniter\View\View->render('welcome_message', Array, true)
#6 /Applications/MAMP/htdocs/machine-test/project-root/app/Controllers/Home.php(9): view('welcome_message')
#7 /Applications/MAMP/htdocs/machine-test/project-root/vendor/codeigniter4/framework/system/CodeIgniter.php(832): App\Controllers\Home->index()
#8 /Applications/MAMP/htdocs/machine-test/project-root/vendor/codeigniter4/framework/system/CodeIgniter.php(419): CodeIgniter\CodeIgniter->runController(Object(App\Controllers\Home))
#9 /Applications/MAMP/htdocs/machine-test/project-root/vendor/codeigniter4/framework/system/CodeIgniter.php(326): CodeIgniter\CodeIgniter->handleRequest(NULL, Object(Config\Cache), false)
#10 /Applications/MAMP/htdocs/machine-test/project-root/public/index.php(37): CodeIgniter\CodeIgniter->run()
#11 /Applications/MAMP/htdocs/machine-test/project-root/vendor/codeigniter4/framework/system/Commands/Server/rewrite.php(43): require_once('/Applications/M...')
#12 {main}
CRITICAL - 2022-04-12 04:56:28 --> require(../line-item/lineItem.php): Failed to open stream: No such file or directory
#0 /Applications/MAMP/htdocs/machine-test/project-root/app/Views/core/mainpanal.php(47): CodeIgniter\Debug\Exceptions->errorHandler(2, 'require(../line...', '/Applications/M...', 47)
#1 /Applications/MAMP/htdocs/machine-test/project-root/app/Views/core/mainpanal.php(47): require()
#2 /Applications/MAMP/htdocs/machine-test/project-root/app/Views/welcome_message.php(10): require('/Applications/M...')
#3 /Applications/MAMP/htdocs/machine-test/project-root/vendor/codeigniter4/framework/system/View/View.php(210): include('/Applications/M...')
#4 /Applications/MAMP/htdocs/machine-test/project-root/vendor/codeigniter4/framework/system/View/View.php(213): CodeIgniter\View\View->CodeIgniter\View\{closure}()
#5 /Applications/MAMP/htdocs/machine-test/project-root/vendor/codeigniter4/framework/system/Common.php(1089): CodeIgniter\View\View->render('welcome_message', Array, true)
#6 /Applications/MAMP/htdocs/machine-test/project-root/app/Controllers/Home.php(9): view('welcome_message')
#7 /Applications/MAMP/htdocs/machine-test/project-root/vendor/codeigniter4/framework/system/CodeIgniter.php(832): App\Controllers\Home->index()
#8 /Applications/MAMP/htdocs/machine-test/project-root/vendor/codeigniter4/framework/system/CodeIgniter.php(419): CodeIgniter\CodeIgniter->runController(Object(App\Controllers\Home))
#9 /Applications/MAMP/htdocs/machine-test/project-root/vendor/codeigniter4/framework/system/CodeIgniter.php(326): CodeIgniter\CodeIgniter->handleRequest(NULL, Object(Config\Cache), false)
#10 /Applications/MAMP/htdocs/machine-test/project-root/public/index.php(37): CodeIgniter\CodeIgniter->run()
#11 /Applications/MAMP/htdocs/machine-test/project-root/vendor/codeigniter4/framework/system/Commands/Server/rewrite.php(43): require_once('/Applications/M...')
#12 {main}
CRITICAL - 2022-04-12 04:56:29 --> require(../line-item/lineItem.php): Failed to open stream: No such file or directory
#0 /Applications/MAMP/htdocs/machine-test/project-root/app/Views/core/mainpanal.php(47): CodeIgniter\Debug\Exceptions->errorHandler(2, 'require(../line...', '/Applications/M...', 47)
#1 /Applications/MAMP/htdocs/machine-test/project-root/app/Views/core/mainpanal.php(47): require()
#2 /Applications/MAMP/htdocs/machine-test/project-root/app/Views/welcome_message.php(10): require('/Applications/M...')
#3 /Applications/MAMP/htdocs/machine-test/project-root/vendor/codeigniter4/framework/system/View/View.php(210): include('/Applications/M...')
#4 /Applications/MAMP/htdocs/machine-test/project-root/vendor/codeigniter4/framework/system/View/View.php(213): CodeIgniter\View\View->CodeIgniter\View\{closure}()
#5 /Applications/MAMP/htdocs/machine-test/project-root/vendor/codeigniter4/framework/system/Common.php(1089): CodeIgniter\View\View->render('welcome_message', Array, true)
#6 /Applications/MAMP/htdocs/machine-test/project-root/app/Controllers/Home.php(9): view('welcome_message')
#7 /Applications/MAMP/htdocs/machine-test/project-root/vendor/codeigniter4/framework/system/CodeIgniter.php(832): App\Controllers\Home->index()
#8 /Applications/MAMP/htdocs/machine-test/project-root/vendor/codeigniter4/framework/system/CodeIgniter.php(419): CodeIgniter\CodeIgniter->runController(Object(App\Controllers\Home))
#9 /Applications/MAMP/htdocs/machine-test/project-root/vendor/codeigniter4/framework/system/CodeIgniter.php(326): CodeIgniter\CodeIgniter->handleRequest(NULL, Object(Config\Cache), false)
#10 /Applications/MAMP/htdocs/machine-test/project-root/public/index.php(37): CodeIgniter\CodeIgniter->run()
#11 /Applications/MAMP/htdocs/machine-test/project-root/vendor/codeigniter4/framework/system/Commands/Server/rewrite.php(43): require_once('/Applications/M...')
#12 {main}
CRITICAL - 2022-04-12 04:56:31 --> require(../line-item/lineItem.php): Failed to open stream: No such file or directory
#0 /Applications/MAMP/htdocs/machine-test/project-root/app/Views/core/mainpanal.php(47): CodeIgniter\Debug\Exceptions->errorHandler(2, 'require(../line...', '/Applications/M...', 47)
#1 /Applications/MAMP/htdocs/machine-test/project-root/app/Views/core/mainpanal.php(47): require()
#2 /Applications/MAMP/htdocs/machine-test/project-root/app/Views/welcome_message.php(10): require('/Applications/M...')
#3 /Applications/MAMP/htdocs/machine-test/project-root/vendor/codeigniter4/framework/system/View/View.php(210): include('/Applications/M...')
#4 /Applications/MAMP/htdocs/machine-test/project-root/vendor/codeigniter4/framework/system/View/View.php(213): CodeIgniter\View\View->CodeIgniter\View\{closure}()
#5 /Applications/MAMP/htdocs/machine-test/project-root/vendor/codeigniter4/framework/system/Common.php(1089): CodeIgniter\View\View->render('welcome_message', Array, true)
#6 /Applications/MAMP/htdocs/machine-test/project-root/app/Controllers/Home.php(9): view('welcome_message')
#7 /Applications/MAMP/htdocs/machine-test/project-root/vendor/codeigniter4/framework/system/CodeIgniter.php(832): App\Controllers\Home->index()
#8 /Applications/MAMP/htdocs/machine-test/project-root/vendor/codeigniter4/framework/system/CodeIgniter.php(419): CodeIgniter\CodeIgniter->runController(Object(App\Controllers\Home))
#9 /Applications/MAMP/htdocs/machine-test/project-root/vendor/codeigniter4/framework/system/CodeIgniter.php(326): CodeIgniter\CodeIgniter->handleRequest(NULL, Object(Config\Cache), false)
#10 /Applications/MAMP/htdocs/machine-test/project-root/public/index.php(37): CodeIgniter\CodeIgniter->run()
#11 /Applications/MAMP/htdocs/machine-test/project-root/vendor/codeigniter4/framework/system/Commands/Server/rewrite.php(43): require_once('/Applications/M...')
#12 {main}
CRITICAL - 2022-04-12 04:56:45 --> require(../line-item/lineItem.php): Failed to open stream: No such file or directory
#0 /Applications/MAMP/htdocs/machine-test/project-root/app/Views/core/mainpanal.php(47): CodeIgniter\Debug\Exceptions->errorHandler(2, 'require(../line...', '/Applications/M...', 47)
#1 /Applications/MAMP/htdocs/machine-test/project-root/app/Views/core/mainpanal.php(47): require()
#2 /Applications/MAMP/htdocs/machine-test/project-root/app/Views/welcome_message.php(10): require('/Applications/M...')
#3 /Applications/MAMP/htdocs/machine-test/project-root/vendor/codeigniter4/framework/system/View/View.php(210): include('/Applications/M...')
#4 /Applications/MAMP/htdocs/machine-test/project-root/vendor/codeigniter4/framework/system/View/View.php(213): CodeIgniter\View\View->CodeIgniter\View\{closure}()
#5 /Applications/MAMP/htdocs/machine-test/project-root/vendor/codeigniter4/framework/system/Common.php(1089): CodeIgniter\View\View->render('welcome_message', Array, true)
#6 /Applications/MAMP/htdocs/machine-test/project-root/app/Controllers/Home.php(9): view('welcome_message')
#7 /Applications/MAMP/htdocs/machine-test/project-root/vendor/codeigniter4/framework/system/CodeIgniter.php(832): App\Controllers\Home->index()
#8 /Applications/MAMP/htdocs/machine-test/project-root/vendor/codeigniter4/framework/system/CodeIgniter.php(419): CodeIgniter\CodeIgniter->runController(Object(App\Controllers\Home))
#9 /Applications/MAMP/htdocs/machine-test/project-root/vendor/codeigniter4/framework/system/CodeIgniter.php(326): CodeIgniter\CodeIgniter->handleRequest(NULL, Object(Config\Cache), false)
#10 /Applications/MAMP/htdocs/machine-test/project-root/public/index.php(37): CodeIgniter\CodeIgniter->run()
#11 /Applications/MAMP/htdocs/machine-test/project-root/vendor/codeigniter4/framework/system/Commands/Server/rewrite.php(43): require_once('/Applications/M...')
#12 {main}
CRITICAL - 2022-04-12 04:58:08 --> require(../line-item/lineItem.php): Failed to open stream: No such file or directory
#0 /Applications/MAMP/htdocs/machine-test/project-root/app/Views/core/mainpanal.php(47): CodeIgniter\Debug\Exceptions->errorHandler(2, 'require(../line...', '/Applications/M...', 47)
#1 /Applications/MAMP/htdocs/machine-test/project-root/app/Views/core/mainpanal.php(47): require()
#2 /Applications/MAMP/htdocs/machine-test/project-root/app/Views/welcome_message.php(10): require('/Applications/M...')
#3 /Applications/MAMP/htdocs/machine-test/project-root/vendor/codeigniter4/framework/system/View/View.php(210): include('/Applications/M...')
#4 /Applications/MAMP/htdocs/machine-test/project-root/vendor/codeigniter4/framework/system/View/View.php(213): CodeIgniter\View\View->CodeIgniter\View\{closure}()
#5 /Applications/MAMP/htdocs/machine-test/project-root/vendor/codeigniter4/framework/system/Common.php(1089): CodeIgniter\View\View->render('welcome_message', Array, true)
#6 /Applications/MAMP/htdocs/machine-test/project-root/app/Controllers/Home.php(9): view('welcome_message')
#7 /Applications/MAMP/htdocs/machine-test/project-root/vendor/codeigniter4/framework/system/CodeIgniter.php(832): App\Controllers\Home->index()
#8 /Applications/MAMP/htdocs/machine-test/project-root/vendor/codeigniter4/framework/system/CodeIgniter.php(419): CodeIgniter\CodeIgniter->runController(Object(App\Controllers\Home))
#9 /Applications/MAMP/htdocs/machine-test/project-root/vendor/codeigniter4/framework/system/CodeIgniter.php(326): CodeIgniter\CodeIgniter->handleRequest(NULL, Object(Config\Cache), false)
#10 /Applications/MAMP/htdocs/machine-test/project-root/public/index.php(37): CodeIgniter\CodeIgniter->run()
#11 /Applications/MAMP/htdocs/machine-test/project-root/vendor/codeigniter4/framework/system/Commands/Server/rewrite.php(43): require_once('/Applications/M...')
#12 {main}
CRITICAL - 2022-04-12 04:58:09 --> require(../line-item/lineItem.php): Failed to open stream: No such file or directory
#0 /Applications/MAMP/htdocs/machine-test/project-root/app/Views/core/mainpanal.php(47): CodeIgniter\Debug\Exceptions->errorHandler(2, 'require(../line...', '/Applications/M...', 47)
#1 /Applications/MAMP/htdocs/machine-test/project-root/app/Views/core/mainpanal.php(47): require()
#2 /Applications/MAMP/htdocs/machine-test/project-root/app/Views/welcome_message.php(10): require('/Applications/M...')
#3 /Applications/MAMP/htdocs/machine-test/project-root/vendor/codeigniter4/framework/system/View/View.php(210): include('/Applications/M...')
#4 /Applications/MAMP/htdocs/machine-test/project-root/vendor/codeigniter4/framework/system/View/View.php(213): CodeIgniter\View\View->CodeIgniter\View\{closure}()
#5 /Applications/MAMP/htdocs/machine-test/project-root/vendor/codeigniter4/framework/system/Common.php(1089): CodeIgniter\View\View->render('welcome_message', Array, true)
#6 /Applications/MAMP/htdocs/machine-test/project-root/app/Controllers/Home.php(9): view('welcome_message')
#7 /Applications/MAMP/htdocs/machine-test/project-root/vendor/codeigniter4/framework/system/CodeIgniter.php(832): App\Controllers\Home->index()
#8 /Applications/MAMP/htdocs/machine-test/project-root/vendor/codeigniter4/framework/system/CodeIgniter.php(419): CodeIgniter\CodeIgniter->runController(Object(App\Controllers\Home))
#9 /Applications/MAMP/htdocs/machine-test/project-root/vendor/codeigniter4/framework/system/CodeIgniter.php(326): CodeIgniter\CodeIgniter->handleRequest(NULL, Object(Config\Cache), false)
#10 /Applications/MAMP/htdocs/machine-test/project-root/public/index.php(37): CodeIgniter\CodeIgniter->run()
#11 /Applications/MAMP/htdocs/machine-test/project-root/vendor/codeigniter4/framework/system/Commands/Server/rewrite.php(43): require_once('/Applications/M...')
#12 {main}
CRITICAL - 2022-04-12 04:58:09 --> require(../line-item/lineItem.php): Failed to open stream: No such file or directory
#0 /Applications/MAMP/htdocs/machine-test/project-root/app/Views/core/mainpanal.php(47): CodeIgniter\Debug\Exceptions->errorHandler(2, 'require(../line...', '/Applications/M...', 47)
#1 /Applications/MAMP/htdocs/machine-test/project-root/app/Views/core/mainpanal.php(47): require()
#2 /Applications/MAMP/htdocs/machine-test/project-root/app/Views/welcome_message.php(10): require('/Applications/M...')
#3 /Applications/MAMP/htdocs/machine-test/project-root/vendor/codeigniter4/framework/system/View/View.php(210): include('/Applications/M...')
#4 /Applications/MAMP/htdocs/machine-test/project-root/vendor/codeigniter4/framework/system/View/View.php(213): CodeIgniter\View\View->CodeIgniter\View\{closure}()
#5 /Applications/MAMP/htdocs/machine-test/project-root/vendor/codeigniter4/framework/system/Common.php(1089): CodeIgniter\View\View->render('welcome_message', Array, true)
#6 /Applications/MAMP/htdocs/machine-test/project-root/app/Controllers/Home.php(9): view('welcome_message')
#7 /Applications/MAMP/htdocs/machine-test/project-root/vendor/codeigniter4/framework/system/CodeIgniter.php(832): App\Controllers\Home->index()
#8 /Applications/MAMP/htdocs/machine-test/project-root/vendor/codeigniter4/framework/system/CodeIgniter.php(419): CodeIgniter\CodeIgniter->runController(Object(App\Controllers\Home))
#9 /Applications/MAMP/htdocs/machine-test/project-root/vendor/codeigniter4/framework/system/CodeIgniter.php(326): CodeIgniter\CodeIgniter->handleRequest(NULL, Object(Config\Cache), false)
#10 /Applications/MAMP/htdocs/machine-test/project-root/public/index.php(37): CodeIgniter\CodeIgniter->run()
#11 /Applications/MAMP/htdocs/machine-test/project-root/vendor/codeigniter4/framework/system/Commands/Server/rewrite.php(43): require_once('/Applications/M...')
#12 {main}
CRITICAL - 2022-04-12 04:58:09 --> require(../line-item/lineItem.php): Failed to open stream: No such file or directory
#0 /Applications/MAMP/htdocs/machine-test/project-root/app/Views/core/mainpanal.php(47): CodeIgniter\Debug\Exceptions->errorHandler(2, 'require(../line...', '/Applications/M...', 47)
#1 /Applications/MAMP/htdocs/machine-test/project-root/app/Views/core/mainpanal.php(47): require()
#2 /Applications/MAMP/htdocs/machine-test/project-root/app/Views/welcome_message.php(10): require('/Applications/M...')
#3 /Applications/MAMP/htdocs/machine-test/project-root/vendor/codeigniter4/framework/system/View/View.php(210): include('/Applications/M...')
#4 /Applications/MAMP/htdocs/machine-test/project-root/vendor/codeigniter4/framework/system/View/View.php(213): CodeIgniter\View\View->CodeIgniter\View\{closure}()
#5 /Applications/MAMP/htdocs/machine-test/project-root/vendor/codeigniter4/framework/system/Common.php(1089): CodeIgniter\View\View->render('welcome_message', Array, true)
#6 /Applications/MAMP/htdocs/machine-test/project-root/app/Controllers/Home.php(9): view('welcome_message')
#7 /Applications/MAMP/htdocs/machine-test/project-root/vendor/codeigniter4/framework/system/CodeIgniter.php(832): App\Controllers\Home->index()
#8 /Applications/MAMP/htdocs/machine-test/project-root/vendor/codeigniter4/framework/system/CodeIgniter.php(419): CodeIgniter\CodeIgniter->runController(Object(App\Controllers\Home))
#9 /Applications/MAMP/htdocs/machine-test/project-root/vendor/codeigniter4/framework/system/CodeIgniter.php(326): CodeIgniter\CodeIgniter->handleRequest(NULL, Object(Config\Cache), false)
#10 /Applications/MAMP/htdocs/machine-test/project-root/public/index.php(37): CodeIgniter\CodeIgniter->run()
#11 /Applications/MAMP/htdocs/machine-test/project-root/vendor/codeigniter4/framework/system/Commands/Server/rewrite.php(43): require_once('/Applications/M...')
#12 {main}
CRITICAL - 2022-04-12 04:59:18 --> require(../line-item/lineItem.php): Failed to open stream: No such file or directory
#0 /Applications/MAMP/htdocs/machine-test/project-root/app/Views/core/mainpanal.php(47): CodeIgniter\Debug\Exceptions->errorHandler(2, 'require(../line...', '/Applications/M...', 47)
#1 /Applications/MAMP/htdocs/machine-test/project-root/app/Views/core/mainpanal.php(47): require()
#2 /Applications/MAMP/htdocs/machine-test/project-root/app/Views/welcome_message.php(10): require('/Applications/M...')
#3 /Applications/MAMP/htdocs/machine-test/project-root/vendor/codeigniter4/framework/system/View/View.php(210): include('/Applications/M...')
#4 /Applications/MAMP/htdocs/machine-test/project-root/vendor/codeigniter4/framework/system/View/View.php(213): CodeIgniter\View\View->CodeIgniter\View\{closure}()
#5 /Applications/MAMP/htdocs/machine-test/project-root/vendor/codeigniter4/framework/system/Common.php(1089): CodeIgniter\View\View->render('welcome_message', Array, true)
#6 /Applications/MAMP/htdocs/machine-test/project-root/app/Controllers/Home.php(9): view('welcome_message')
#7 /Applications/MAMP/htdocs/machine-test/project-root/vendor/codeigniter4/framework/system/CodeIgniter.php(832): App\Controllers\Home->index()
#8 /Applications/MAMP/htdocs/machine-test/project-root/vendor/codeigniter4/framework/system/CodeIgniter.php(419): CodeIgniter\CodeIgniter->runController(Object(App\Controllers\Home))
#9 /Applications/MAMP/htdocs/machine-test/project-root/vendor/codeigniter4/framework/system/CodeIgniter.php(326): CodeIgniter\CodeIgniter->handleRequest(NULL, Object(Config\Cache), false)
#10 /Applications/MAMP/htdocs/machine-test/project-root/public/index.php(37): CodeIgniter\CodeIgniter->run()
#11 /Applications/MAMP/htdocs/machine-test/project-root/vendor/codeigniter4/framework/system/Commands/Server/rewrite.php(43): require_once('/Applications/M...')
#12 {main}
CRITICAL - 2022-04-12 04:59:56 --> require(/line-item/lineItem.php): Failed to open stream: No such file or directory
#0 /Applications/MAMP/htdocs/machine-test/project-root/app/Views/core/mainpanal.php(47): CodeIgniter\Debug\Exceptions->errorHandler(2, 'require(/line-i...', '/Applications/M...', 47)
#1 /Applications/MAMP/htdocs/machine-test/project-root/app/Views/core/mainpanal.php(47): require()
#2 /Applications/MAMP/htdocs/machine-test/project-root/app/Views/welcome_message.php(10): require('/Applications/M...')
#3 /Applications/MAMP/htdocs/machine-test/project-root/vendor/codeigniter4/framework/system/View/View.php(210): include('/Applications/M...')
#4 /Applications/MAMP/htdocs/machine-test/project-root/vendor/codeigniter4/framework/system/View/View.php(213): CodeIgniter\View\View->CodeIgniter\View\{closure}()
#5 /Applications/MAMP/htdocs/machine-test/project-root/vendor/codeigniter4/framework/system/Common.php(1089): CodeIgniter\View\View->render('welcome_message', Array, true)
#6 /Applications/MAMP/htdocs/machine-test/project-root/app/Controllers/Home.php(9): view('welcome_message')
#7 /Applications/MAMP/htdocs/machine-test/project-root/vendor/codeigniter4/framework/system/CodeIgniter.php(832): App\Controllers\Home->index()
#8 /Applications/MAMP/htdocs/machine-test/project-root/vendor/codeigniter4/framework/system/CodeIgniter.php(419): CodeIgniter\CodeIgniter->runController(Object(App\Controllers\Home))
#9 /Applications/MAMP/htdocs/machine-test/project-root/vendor/codeigniter4/framework/system/CodeIgniter.php(326): CodeIgniter\CodeIgniter->handleRequest(NULL, Object(Config\Cache), false)
#10 /Applications/MAMP/htdocs/machine-test/project-root/public/index.php(37): CodeIgniter\CodeIgniter->run()
#11 /Applications/MAMP/htdocs/machine-test/project-root/vendor/codeigniter4/framework/system/Commands/Server/rewrite.php(43): require_once('/Applications/M...')
#12 {main}
CRITICAL - 2022-04-12 04:59:56 --> require(/line-item/lineItem.php): Failed to open stream: No such file or directory
#0 /Applications/MAMP/htdocs/machine-test/project-root/app/Views/core/mainpanal.php(47): CodeIgniter\Debug\Exceptions->errorHandler(2, 'require(/line-i...', '/Applications/M...', 47)
#1 /Applications/MAMP/htdocs/machine-test/project-root/app/Views/core/mainpanal.php(47): require()
#2 /Applications/MAMP/htdocs/machine-test/project-root/app/Views/welcome_message.php(10): require('/Applications/M...')
#3 /Applications/MAMP/htdocs/machine-test/project-root/vendor/codeigniter4/framework/system/View/View.php(210): include('/Applications/M...')
#4 /Applications/MAMP/htdocs/machine-test/project-root/vendor/codeigniter4/framework/system/View/View.php(213): CodeIgniter\View\View->CodeIgniter\View\{closure}()
#5 /Applications/MAMP/htdocs/machine-test/project-root/vendor/codeigniter4/framework/system/Common.php(1089): CodeIgniter\View\View->render('welcome_message', Array, true)
#6 /Applications/MAMP/htdocs/machine-test/project-root/app/Controllers/Home.php(9): view('welcome_message')
#7 /Applications/MAMP/htdocs/machine-test/project-root/vendor/codeigniter4/framework/system/CodeIgniter.php(832): App\Controllers\Home->index()
#8 /Applications/MAMP/htdocs/machine-test/project-root/vendor/codeigniter4/framework/system/CodeIgniter.php(419): CodeIgniter\CodeIgniter->runController(Object(App\Controllers\Home))
#9 /Applications/MAMP/htdocs/machine-test/project-root/vendor/codeigniter4/framework/system/CodeIgniter.php(326): CodeIgniter\CodeIgniter->handleRequest(NULL, Object(Config\Cache), false)
#10 /Applications/MAMP/htdocs/machine-test/project-root/public/index.php(37): CodeIgniter\CodeIgniter->run()
#11 /Applications/MAMP/htdocs/machine-test/project-root/vendor/codeigniter4/framework/system/Commands/Server/rewrite.php(43): require_once('/Applications/M...')
#12 {main}
CRITICAL - 2022-04-12 05:00:12 --> require(line-item/lineItem.php): Failed to open stream: No such file or directory
#0 /Applications/MAMP/htdocs/machine-test/project-root/app/Views/core/mainpanal.php(47): CodeIgniter\Debug\Exceptions->errorHandler(2, 'require(line-it...', '/Applications/M...', 47)
#1 /Applications/MAMP/htdocs/machine-test/project-root/app/Views/core/mainpanal.php(47): require()
#2 /Applications/MAMP/htdocs/machine-test/project-root/app/Views/welcome_message.php(10): require('/Applications/M...')
#3 /Applications/MAMP/htdocs/machine-test/project-root/vendor/codeigniter4/framework/system/View/View.php(210): include('/Applications/M...')
#4 /Applications/MAMP/htdocs/machine-test/project-root/vendor/codeigniter4/framework/system/View/View.php(213): CodeIgniter\View\View->CodeIgniter\View\{closure}()
#5 /Applications/MAMP/htdocs/machine-test/project-root/vendor/codeigniter4/framework/system/Common.php(1089): CodeIgniter\View\View->render('welcome_message', Array, true)
#6 /Applications/MAMP/htdocs/machine-test/project-root/app/Controllers/Home.php(9): view('welcome_message')
#7 /Applications/MAMP/htdocs/machine-test/project-root/vendor/codeigniter4/framework/system/CodeIgniter.php(832): App\Controllers\Home->index()
#8 /Applications/MAMP/htdocs/machine-test/project-root/vendor/codeigniter4/framework/system/CodeIgniter.php(419): CodeIgniter\CodeIgniter->runController(Object(App\Controllers\Home))
#9 /Applications/MAMP/htdocs/machine-test/project-root/vendor/codeigniter4/framework/system/CodeIgniter.php(326): CodeIgniter\CodeIgniter->handleRequest(NULL, Object(Config\Cache), false)
#10 /Applications/MAMP/htdocs/machine-test/project-root/public/index.php(37): CodeIgniter\CodeIgniter->run()
#11 /Applications/MAMP/htdocs/machine-test/project-root/vendor/codeigniter4/framework/system/Commands/Server/rewrite.php(43): require_once('/Applications/M...')
#12 {main}
CRITICAL - 2022-04-12 05:00:12 --> require(line-item/lineItem.php): Failed to open stream: No such file or directory
#0 /Applications/MAMP/htdocs/machine-test/project-root/app/Views/core/mainpanal.php(47): CodeIgniter\Debug\Exceptions->errorHandler(2, 'require(line-it...', '/Applications/M...', 47)
#1 /Applications/MAMP/htdocs/machine-test/project-root/app/Views/core/mainpanal.php(47): require()
#2 /Applications/MAMP/htdocs/machine-test/project-root/app/Views/welcome_message.php(10): require('/Applications/M...')
#3 /Applications/MAMP/htdocs/machine-test/project-root/vendor/codeigniter4/framework/system/View/View.php(210): include('/Applications/M...')
#4 /Applications/MAMP/htdocs/machine-test/project-root/vendor/codeigniter4/framework/system/View/View.php(213): CodeIgniter\View\View->CodeIgniter\View\{closure}()
#5 /Applications/MAMP/htdocs/machine-test/project-root/vendor/codeigniter4/framework/system/Common.php(1089): CodeIgniter\View\View->render('welcome_message', Array, true)
#6 /Applications/MAMP/htdocs/machine-test/project-root/app/Controllers/Home.php(9): view('welcome_message')
#7 /Applications/MAMP/htdocs/machine-test/project-root/vendor/codeigniter4/framework/system/CodeIgniter.php(832): App\Controllers\Home->index()
#8 /Applications/MAMP/htdocs/machine-test/project-root/vendor/codeigniter4/framework/system/CodeIgniter.php(419): CodeIgniter\CodeIgniter->runController(Object(App\Controllers\Home))
#9 /Applications/MAMP/htdocs/machine-test/project-root/vendor/codeigniter4/framework/system/CodeIgniter.php(326): CodeIgniter\CodeIgniter->handleRequest(NULL, Object(Config\Cache), false)
#10 /Applications/MAMP/htdocs/machine-test/project-root/public/index.php(37): CodeIgniter\CodeIgniter->run()
#11 /Applications/MAMP/htdocs/machine-test/project-root/vendor/codeigniter4/framework/system/Commands/Server/rewrite.php(43): require_once('/Applications/M...')
#12 {main}
CRITICAL - 2022-04-12 05:00:13 --> require(line-item/lineItem.php): Failed to open stream: No such file or directory
#0 /Applications/MAMP/htdocs/machine-test/project-root/app/Views/core/mainpanal.php(47): CodeIgniter\Debug\Exceptions->errorHandler(2, 'require(line-it...', '/Applications/M...', 47)
#1 /Applications/MAMP/htdocs/machine-test/project-root/app/Views/core/mainpanal.php(47): require()
#2 /Applications/MAMP/htdocs/machine-test/project-root/app/Views/welcome_message.php(10): require('/Applications/M...')
#3 /Applications/MAMP/htdocs/machine-test/project-root/vendor/codeigniter4/framework/system/View/View.php(210): include('/Applications/M...')
#4 /Applications/MAMP/htdocs/machine-test/project-root/vendor/codeigniter4/framework/system/View/View.php(213): CodeIgniter\View\View->CodeIgniter\View\{closure}()
#5 /Applications/MAMP/htdocs/machine-test/project-root/vendor/codeigniter4/framework/system/Common.php(1089): CodeIgniter\View\View->render('welcome_message', Array, true)
#6 /Applications/MAMP/htdocs/machine-test/project-root/app/Controllers/Home.php(9): view('welcome_message')
#7 /Applications/MAMP/htdocs/machine-test/project-root/vendor/codeigniter4/framework/system/CodeIgniter.php(832): App\Controllers\Home->index()
#8 /Applications/MAMP/htdocs/machine-test/project-root/vendor/codeigniter4/framework/system/CodeIgniter.php(419): CodeIgniter\CodeIgniter->runController(Object(App\Controllers\Home))
#9 /Applications/MAMP/htdocs/machine-test/project-root/vendor/codeigniter4/framework/system/CodeIgniter.php(326): CodeIgniter\CodeIgniter->handleRequest(NULL, Object(Config\Cache), false)
#10 /Applications/MAMP/htdocs/machine-test/project-root/public/index.php(37): CodeIgniter\CodeIgniter->run()
#11 /Applications/MAMP/htdocs/machine-test/project-root/vendor/codeigniter4/framework/system/Commands/Server/rewrite.php(43): require_once('/Applications/M...')
#12 {main}
CRITICAL - 2022-04-12 05:00:13 --> require(line-item/lineItem.php): Failed to open stream: No such file or directory
#0 /Applications/MAMP/htdocs/machine-test/project-root/app/Views/core/mainpanal.php(47): CodeIgniter\Debug\Exceptions->errorHandler(2, 'require(line-it...', '/Applications/M...', 47)
#1 /Applications/MAMP/htdocs/machine-test/project-root/app/Views/core/mainpanal.php(47): require()
#2 /Applications/MAMP/htdocs/machine-test/project-root/app/Views/welcome_message.php(10): require('/Applications/M...')
#3 /Applications/MAMP/htdocs/machine-test/project-root/vendor/codeigniter4/framework/system/View/View.php(210): include('/Applications/M...')
#4 /Applications/MAMP/htdocs/machine-test/project-root/vendor/codeigniter4/framework/system/View/View.php(213): CodeIgniter\View\View->CodeIgniter\View\{closure}()
#5 /Applications/MAMP/htdocs/machine-test/project-root/vendor/codeigniter4/framework/system/Common.php(1089): CodeIgniter\View\View->render('welcome_message', Array, true)
#6 /Applications/MAMP/htdocs/machine-test/project-root/app/Controllers/Home.php(9): view('welcome_message')
#7 /Applications/MAMP/htdocs/machine-test/project-root/vendor/codeigniter4/framework/system/CodeIgniter.php(832): App\Controllers\Home->index()
#8 /Applications/MAMP/htdocs/machine-test/project-root/vendor/codeigniter4/framework/system/CodeIgniter.php(419): CodeIgniter\CodeIgniter->runController(Object(App\Controllers\Home))
#9 /Applications/MAMP/htdocs/machine-test/project-root/vendor/codeigniter4/framework/system/CodeIgniter.php(326): CodeIgniter\CodeIgniter->handleRequest(NULL, Object(Config\Cache), false)
#10 /Applications/MAMP/htdocs/machine-test/project-root/public/index.php(37): CodeIgniter\CodeIgniter->run()
#11 /Applications/MAMP/htdocs/machine-test/project-root/vendor/codeigniter4/framework/system/Commands/Server/rewrite.php(43): require_once('/Applications/M...')
#12 {main}
